<?xml version="1.0" encoding="UTF-8"?>
<!-- Generated by org.testng.reporters.JUnitReportReporter -->
<testsuite hostname="pings-mac-mini.lan" failures="0" tests="1" name="JsonTest" time="0.389" errors="0" timestamp="2023-07-25T13:20:37 EDT" skipped="0">
  <testcase classname="JsonTest" name="SumValidation" time="0.389"/>
</testsuite> <!-- JsonTest -->
