<?xml version="1.0" encoding="UTF-8"?>
<!-- Generated by org.testng.reporters.JUnitReportReporter -->
<testsuite hostname="pings-mac-mini.lan" failures="0" tests="1" name="test1" time="0.875" errors="0" timestamp="2023-07-26T13:37:27 EDT" skipped="0">
  <testcase classname="test1" name="JiraIssueAddComment" time="0.875"/>
</testsuite> <!-- test1 -->
