<?xml version="1.0" encoding="UTF-8"?>
<!-- Generated by org.testng.reporters.JUnitReportReporter -->
<testsuite hostname="pings-mac-mini.lan" failures="0" tests="4" name="DynamicJson" time="2.700" errors="0" timestamp="2023-07-25T19:07:50 EDT" skipped="0">
  <testcase classname="DynamicJson" name="addBook" time="1.131"/>
  <testcase classname="DynamicJson" name="addBook" time="0.548"/>
  <testcase classname="DynamicJson" name="addBookByJsonFile" time="0.489"/>
  <testcase classname="DynamicJson" name="addBook" time="0.532"/>
</testsuite> <!-- DynamicJson -->
