<?xml version="1.0" encoding="UTF-8"?>
<!-- Generated by org.testng.reporters.JUnitReportReporter -->
<testsuite hostname="pings-mac-mini.lan" failures="0" tests="6" name="JiraAPI" time="2.663" errors="0" timestamp="2023-07-28T00:55:03 EDT" skipped="0">
  <testcase classname="JiraAPI" name="JiraIssueDelete" time="0.442"/>
  <testcase classname="JiraAPI" name="JiraIssueCreate" time="1.091"/>
  <testcase classname="JiraAPI" name="JiraIssueUpdate" time="0.390"/>
  <testcase classname="JiraAPI" name="JiraIssueCommentCreate" time="0.228"/>
  <testcase classname="JiraAPI" name="JiraIssueCommentCreateUsingPojo" time="0.345"/>
  <testcase classname="JiraAPI" name="JiraIssueGet" time="0.167"/>
</testsuite> <!-- JiraAPI -->
